<?xml version="1.0" encoding="UTF-8"?>
<!-- Generated by org.testng.reporters.JUnitXMLReporter -->
<testsuite ignored="0" hostname="DESKTOP-U4N157I" failures="1" tests="1" name="HomePage" time="16.132" errors="0" timestamp="2021-01-28T07:37:36 EST">
  <testcase classname="RealProject.RealP.HomePage" name="@AfterTest close" time="0.001">
    <failure type="java.lang.NullPointerException" message="Cannot invoke &amp;quot;org.openqa.selenium.WebDriver.close()&amp;quot; because &amp;quot;this.driver&amp;quot; is null">
      <![CDATA[java.lang.NullPointerException: Cannot invoke "org.openqa.selenium.WebDriver.close()" because "this.driver" is null
at RealProject.RealP.HomePage.close(HomePage.java:37)
... Removed 24 stack frames]]>
    </failure>
  </testcase> <!-- @AfterTest close -->
  <testcase classname="RealProject.RealP.HomePage" name="clickLogin" time="15.949">
    <failure type="org.openqa.selenium.SessionNotCreatedException" message="session not created: This version of ChromeDriver only supports Chrome version 86
Current browser version is 88.0.4324.104 with binary path C:\Program Files (x86)\Google\Chrome\Application\chrome.exe
Build info: version: &amp;apos;3.141.59&amp;apos;, revision: &amp;apos;e82be7d358&amp;apos;, time: &amp;apos;2018-11-14T08:17:03&amp;apos;
System info: host: &amp;apos;DESKTOP-U4N157I&amp;apos;, ip: &amp;apos;192.168.0.30&amp;apos;, os.name: &amp;apos;Windows 10&amp;apos;, os.arch: &amp;apos;amd64&amp;apos;, os.version: &amp;apos;10.0&amp;apos;, java.version: &amp;apos;15.0.2&amp;apos;
Driver info: driver.version: ChromeDriver
remote stacktrace: Backtrace:
	Ordinal0 [0x008DC013+3194899]
	Ordinal0 [0x007C6021+2056225]
	Ordinal0 [0x0065F608+587272]
	Ordinal0 [0x005E1BF3+72691]
	Ordinal0 [0x005DE229+57897]
	Ordinal0 [0x005DC64A+50762]
	Ordinal0 [0x00601EE9+204521]
	Ordinal0 [0x00601D0D+204045]
	Ordinal0 [0x005FFC1B+195611]
	Ordinal0 [0x005E3B7F+80767]
	Ordinal0 [0x005E4B4E+84814]
	Ordinal0 [0x005E4AD9+84697]
	Ordinal0 [0x007DCE64+2149988]
	GetHandleVerifier [0x00A4BE95+1400773]
	GetHandleVerifier [0x00A4BB61+1399953]
	GetHandleVerifier [0x00A531FA+1430314]
	GetHandleVerifier [0x00A4C69F+1402831]
	Ordinal0 [0x007D3D61+2112865]
	Ordinal0 [0x007DE5CB+2155979]
	Ordinal0 [0x007DE6F5+2156277]
	Ordinal0 [0x007EF26E+2224750]
	BaseThreadInitThunk [0x775BFA29+25]
	RtlGetAppContainerNamedObjectPath [0x779B75F4+228]
	RtlGetAppContainerNamedObjectPath [0x779B75C4+180]
">
      <![CDATA[org.openqa.selenium.SessionNotCreatedException: session not created: This version of ChromeDriver only supports Chrome version 86
Current browser version is 88.0.4324.104 with binary path C:\Program Files (x86)\Google\Chrome\Application\chrome.exe
Build info: version: '3.141.59', revision: 'e82be7d358', time: '2018-11-14T08:17:03'
System info: host: 'DESKTOP-U4N157I', ip: '192.168.0.30', os.name: 'Windows 10', os.arch: 'amd64', os.version: '10.0', java.version: '15.0.2'
Driver info: driver.version: ChromeDriver
remote stacktrace: Backtrace:
Ordinal0 [0x008DC013+3194899]
Ordinal0 [0x007C6021+2056225]
Ordinal0 [0x0065F608+587272]
Ordinal0 [0x005E1BF3+72691]
Ordinal0 [0x005DE229+57897]
Ordinal0 [0x005DC64A+50762]
Ordinal0 [0x00601EE9+204521]
Ordinal0 [0x00601D0D+204045]
Ordinal0 [0x005FFC1B+195611]
Ordinal0 [0x005E3B7F+80767]
Ordinal0 [0x005E4B4E+84814]
Ordinal0 [0x005E4AD9+84697]
Ordinal0 [0x007DCE64+2149988]
GetHandleVerifier [0x00A4BE95+1400773]
GetHandleVerifier [0x00A4BB61+1399953]
GetHandleVerifier [0x00A531FA+1430314]
GetHandleVerifier [0x00A4C69F+1402831]
Ordinal0 [0x007D3D61+2112865]
Ordinal0 [0x007DE5CB+2155979]
Ordinal0 [0x007DE6F5+2156277]
Ordinal0 [0x007EF26E+2224750]
BaseThreadInitThunk [0x775BFA29+25]
RtlGetAppContainerNamedObjectPath [0x779B75F4+228]
RtlGetAppContainerNamedObjectPath [0x779B75C4+180]

at org.openqa.selenium.remote.W3CHandshakeResponse.lambda$errorHandler$0(W3CHandshakeResponse.java:62)
at org.openqa.selenium.remote.HandshakeResponse.lambda$getResponseFunction$0(HandshakeResponse.java:30)
at org.openqa.selenium.remote.ProtocolHandshake.lambda$createSession$0(ProtocolHandshake.java:126)
at java.base/java.util.stream.ReferencePipeline$3$1.accept(ReferencePipeline.java:195)
at java.base/java.util.Spliterators$ArraySpliterator.tryAdvance(Spliterators.java:958)
at java.base/java.util.stream.ReferencePipeline.forEachWithCancel(ReferencePipeline.java:127)
at java.base/java.util.stream.AbstractPipeline.copyIntoWithCancel(AbstractPipeline.java:502)
at java.base/java.util.stream.AbstractPipeline.copyInto(AbstractPipeline.java:488)
at java.base/java.util.stream.AbstractPipeline.wrapAndCopyInto(AbstractPipeline.java:474)
at java.base/java.util.stream.FindOps$FindOp.evaluateSequential(FindOps.java:150)
at java.base/java.util.stream.AbstractPipeline.evaluate(AbstractPipeline.java:234)
at java.base/java.util.stream.ReferencePipeline.findFirst(ReferencePipeline.java:543)
at org.openqa.selenium.remote.ProtocolHandshake.createSession(ProtocolHandshake.java:128)
at org.openqa.selenium.remote.ProtocolHandshake.createSession(ProtocolHandshake.java:74)
at org.openqa.selenium.remote.HttpCommandExecutor.execute(HttpCommandExecutor.java:136)
at org.openqa.selenium.remote.service.DriverCommandExecutor.execute(DriverCommandExecutor.java:83)
at org.openqa.selenium.remote.RemoteWebDriver.execute(RemoteWebDriver.java:552)
at org.openqa.selenium.remote.RemoteWebDriver.startSession(RemoteWebDriver.java:213)
at org.openqa.selenium.remote.RemoteWebDriver.<init>(RemoteWebDriver.java:131)
at org.openqa.selenium.chrome.ChromeDriver.<init>(ChromeDriver.java:181)
at org.openqa.selenium.chrome.ChromeDriver.<init>(ChromeDriver.java:168)
at org.openqa.selenium.chrome.ChromeDriver.<init>(ChromeDriver.java:123)
at resources.Base.Initialize(Base.java:30)
at RealProject.RealP.HomePage.clickLogin(HomePage.java:26)
at java.base/java.util.ArrayList.forEach(ArrayList.java:1511)
... Removed 32 stack frames]]>
    </failure>
  </testcase> <!-- clickLogin -->
</testsuite> <!-- HomePage -->
